<?xml version="1.0" encoding="UTF-8"?>
<testng-results skipped="0" failed="0" total="1" passed="1">
  <reporter-output>
  </reporter-output>
  <suite name="Surefire suite" duration-ms="16" started-at="2020-04-18T10:26:15Z" finished-at="2020-04-18T10:26:15Z">
    <groups>
    </groups>
    <test name="Surefire test" duration-ms="16" started-at="2020-04-18T10:26:15Z" finished-at="2020-04-18T10:26:15Z">
      <class name="meera.AppTest">
        <test-method status="PASS" signature="testApp()" name="testApp" duration-ms="4" started-at="2020-04-18T10:26:15Z" finished-at="2020-04-18T10:26:15Z">
        </test-method>
      </class>
    </test>
  </suite>
</testng-results>
