<?xml version="1.0" encoding="UTF-8"?>
<!-- Generated by org.testng.reporters.JUnitXMLReporter -->
<testsuite hostname="DESKTOP-62NCO35" ignored="0" name="Test" tests="6" failures="0" timestamp="2020-04-27T10:26:40 PDT" time="0.114" errors="0">
  <testcase name="IOSApps" time="0.014" classname="meera.SeliniumTest"/>
  <testcase name="NativeAPpAndroid" time="0.002" classname="meera.SeliniumTest"/>
  <testcase name="welcome" time="0.007" classname="meera.SeliniumTest"/>
  <testcase name="IOSApps" time="0.003" classname="meera.ExampleTest"/>
  <testcase name="NativeAPpAndroid" time="0.003" classname="meera.ExampleTest"/>
  <testcase name="welcome" time="0.003" classname="meera.ExampleTest"/>
</testsuite> <!-- Test -->
