<?xml version="1.0" encoding="UTF-8"?>
<testng-results skipped="0" failed="0" total="3" passed="3">
  <reporter-output>
  </reporter-output>
  <suite name="Surefire suite" duration-ms="39" started-at="2020-04-18T10:26:15Z" finished-at="2020-04-18T10:26:15Z">
    <groups>
    </groups>
    <test name="Surefire test" duration-ms="39" started-at="2020-04-18T10:26:15Z" finished-at="2020-04-18T10:26:15Z">
      <class name="meera.SeliniumTest">
        <test-method status="PASS" signature="IOSApps()" name="IOSApps" duration-ms="13" started-at="2020-04-18T10:26:15Z" finished-at="2020-04-18T10:26:15Z">
        </test-method>
        <test-method status="PASS" signature="NativeAPpAndroid()" name="NativeAPpAndroid" duration-ms="3" started-at="2020-04-18T10:26:15Z" finished-at="2020-04-18T10:26:15Z">
        </test-method>
        <test-method status="PASS" signature="welcome()" name="welcome" duration-ms="1" started-at="2020-04-18T10:26:15Z" finished-at="2020-04-18T10:26:15Z">
        </test-method>
      </class>
    </test>
  </suite>
</testng-results>
