<?xml version="1.0" encoding="UTF-8"?>
<testng-results skipped="0" failed="0" total="3" passed="3">
  <reporter-output>
  </reporter-output>
  <suite name="Suite" duration-ms="24" started-at="2020-04-18T11:15:07Z" finished-at="2020-04-18T11:15:07Z">
    <groups>
    </groups>
    <test name="Test" duration-ms="24" started-at="2020-04-18T11:15:07Z" finished-at="2020-04-18T11:15:07Z">
      <class name="meera.ExampleTest">
        <test-method status="PASS" signature="IOSApps()" name="IOSApps" duration-ms="9" started-at="2020-04-18T11:15:07Z" finished-at="2020-04-18T11:15:07Z">
        </test-method>
        <test-method status="PASS" signature="NativeAPpAndroid()" name="NativeAPpAndroid" duration-ms="1" started-at="2020-04-18T11:15:07Z" finished-at="2020-04-18T11:15:07Z">
        </test-method>
        <test-method status="PASS" signature="welcome()" name="welcome" duration-ms="1" started-at="2020-04-18T11:15:07Z" finished-at="2020-04-18T11:15:07Z">
        </test-method>
      </class>
    </test>
  </suite>
</testng-results>
