<?xml version="1.0" encoding="UTF-8"?>
<testng-results skipped="0" failed="0" ignored="0" total="6" passed="6">
  <reporter-output>
  </reporter-output>
  <suite name="Suite" duration-ms="114" started-at="2020-04-27T10:26:40 PDT" finished-at="2020-04-27T10:26:40 PDT">
    <groups>
    </groups>
    <test name="Test" duration-ms="114" started-at="2020-04-27T10:26:40 PDT" finished-at="2020-04-27T10:26:40 PDT">
      <class name="meera.SeliniumTest">
        <test-method status="PASS" signature="IOSApps()[pri:0, instance:meera.SeliniumTest@78c03f1f]" name="IOSApps" duration-ms="14" started-at="2020-04-27T10:26:40 PDT" finished-at="2020-04-27T10:26:40 PDT">
          <reporter-output>
          </reporter-output>
        </test-method> <!-- IOSApps -->
        <test-method status="PASS" signature="NativeAPpAndroid()[pri:0, instance:meera.SeliniumTest@78c03f1f]" name="NativeAPpAndroid" duration-ms="2" started-at="2020-04-27T10:26:40 PDT" finished-at="2020-04-27T10:26:40 PDT">
          <reporter-output>
          </reporter-output>
        </test-method> <!-- NativeAPpAndroid -->
        <test-method status="PASS" signature="welcome()[pri:0, instance:meera.SeliniumTest@78c03f1f]" name="welcome" duration-ms="7" started-at="2020-04-27T10:26:40 PDT" finished-at="2020-04-27T10:26:40 PDT">
          <reporter-output>
          </reporter-output>
        </test-method> <!-- welcome -->
      </class> <!-- meera.SeliniumTest -->
      <class name="meera.ExampleTest">
        <test-method status="PASS" signature="IOSApps()[pri:0, instance:meera.ExampleTest@5ec0a365]" name="IOSApps" duration-ms="3" started-at="2020-04-27T10:26:40 PDT" finished-at="2020-04-27T10:26:40 PDT">
          <reporter-output>
          </reporter-output>
        </test-method> <!-- IOSApps -->
        <test-method status="PASS" signature="NativeAPpAndroid()[pri:0, instance:meera.ExampleTest@5ec0a365]" name="NativeAPpAndroid" duration-ms="3" started-at="2020-04-27T10:26:40 PDT" finished-at="2020-04-27T10:26:40 PDT">
          <reporter-output>
          </reporter-output>
        </test-method> <!-- NativeAPpAndroid -->
        <test-method status="PASS" signature="welcome()[pri:0, instance:meera.ExampleTest@5ec0a365]" name="welcome" duration-ms="3" started-at="2020-04-27T10:26:40 PDT" finished-at="2020-04-27T10:26:40 PDT">
          <reporter-output>
          </reporter-output>
        </test-method> <!-- welcome -->
      </class> <!-- meera.ExampleTest -->
    </test> <!-- Test -->
  </suite> <!-- Suite -->
</testng-results>
